# JRE version: OpenJDK Runtime Environment (17.0.7) (build 17.0.7+0-b2043.56-10550314)
# Java VM: OpenJDK 64-Bit Server VM (17.0.7+0-b2043.56-10550314, mixed mode, tiered, compressed oops, compressed class ptrs, g1 gc, windows-amd64)
GC Precious Log:
 CPUs: 8 total, 8 available
 Memory: 8025M
 Large Page Support: Disabled
 NUMA Support: Disabled
 Compressed Oops: Enabled (32-bit)
 Heap Region Size: 1M
 Heap Min Capacity: 8M
 Heap Initial Capacity: 126M
 Heap Max Capacity: 2G
 Pre-touch: Disabled
 Parallel Workers: 8
 Concurrent Workers: 2
 Concurrent Refinement Workers: 8
 Periodic GC: Disabled
Heap:
 garbage-first heap   total 367616K, used 263135K [0x0000000080000000, 0x0000000100000000)
  region size 1024K, 78 young (79872K), 12 survivors (12288K)
 Metaspace       used 110701K, committed 111424K, reserved 1179648K
  class space    used 14628K, committed 14976K, reserved 1048576K
GC Heap History (20 events):
Event: 20.090 GC heap before
{Heap before GC invocations=55 (full 0):
 garbage-first heap   total 238592K, used 183795K [0x0000000080000000, 0x0000000100000000)
  region size 1024K, 70 young (71680K), 13 survivors (13312K)
 Metaspace       used 99519K, committed 100224K, reserved 1179648K
  class space    used 13501K, committed 13824K, reserved 1048576K
}
Event: 20.112 GC heap after
{Heap after GC invocations=56 (full 0):
 garbage-first heap   total 238592K, used 140878K [0x0000000080000000, 0x0000000100000000)
  region size 1024K, 9 young (9216K), 9 survivors (9216K)
 Metaspace       used 99519K, committed 100224K, reserved 1179648K
  class space    used 13501K, committed 13824K, reserved 1048576K
}
Event: 20.726 GC heap before
{Heap before GC invocations=56 (full 0):
 garbage-first heap   total 238592K, used 186958K [0x0000000080000000, 0x0000000100000000)
  region size 1024K, 47 young (48128K), 9 survivors (9216K)
 Metaspace       used 99866K, committed 100480K, reserved 1179648K
  class space    used 13523K, committed 13824K, reserved 1048576K
}
Event: 20.744 GC heap after
{Heap after GC invocations=57 (full 0):
 garbage-first heap   total 238592K, used 153088K [0x0000000080000000, 0x0000000100000000)
  region size 1024K, 6 young (6144K), 6 survivors (6144K)
 Metaspace       used 99866K, committed 100480K, reserved 1179648K
  class space    used 13523K, committed 13824K, reserved 1048576K
}
Event: 21.082 GC heap before
{Heap before GC invocations=57 (full 0):
 garbage-first heap   total 238592K, used 185856K [0x0000000080000000, 0x0000000100000000)
  region size 1024K, 38 young (38912K), 6 survivors (6144K)
 Metaspace       used 99949K, committed 100544K, reserved 1179648K
  class space    used 13529K, committed 13824K, reserved 1048576K
}
Event: 21.099 GC heap after
{Heap after GC invocations=58 (full 0):
 garbage-first heap   total 238592K, used 160768K [0x0000000080000000, 0x0000000100000000)
  region size 1024K, 5 young (5120K), 5 survivors (5120K)
 Metaspace       used 99949K, committed 100544K, reserved 1179648K
  class space    used 13529K, committed 13824K, reserved 1048576K
}
Event: 21.269 GC heap before
{Heap before GC invocations=58 (full 0):
 garbage-first heap   total 238592K, used 193536K [0x0000000080000000, 0x0000000100000000)
  region size 1024K, 15 young (15360K), 5 survivors (5120K)
 Metaspace       used 99954K, committed 100608K, reserved 1179648K
  class space    used 13529K, committed 13824K, reserved 1048576K
}
Event: 21.282 GC heap after
{Heap after GC invocations=59 (full 0):
 garbage-first heap   total 367616K, used 172700K [0x0000000080000000, 0x0000000100000000)
  region size 1024K, 5 young (5120K), 5 survivors (5120K)
 Metaspace       used 99954K, committed 100608K, reserved 1179648K
  class space    used 13529K, committed 13824K, reserved 1048576K
}
Event: 21.622 GC heap before
{Heap before GC invocations=59 (full 0):
 garbage-first heap   total 367616K, used 243356K [0x0000000080000000, 0x0000000100000000)
  region size 1024K, 69 young (70656K), 5 survivors (5120K)
 Metaspace       used 100627K, committed 101376K, reserved 1179648K
  class space    used 13592K, committed 13952K, reserved 1048576K
}
Event: 21.637 GC heap after
{Heap after GC invocations=60 (full 0):
 garbage-first heap   total 367616K, used 177301K [0x0000000080000000, 0x0000000100000000)
  region size 1024K, 9 young (9216K), 9 survivors (9216K)
 Metaspace       used 100627K, committed 101376K, reserved 1179648K
  class space    used 13592K, committed 13952K, reserved 1048576K
}
Event: 22.146 GC heap before
{Heap before GC invocations=60 (full 0):
 garbage-first heap   total 367616K, used 245909K [0x0000000080000000, 0x0000000100000000)
  region size 1024K, 77 young (78848K), 9 survivors (9216K)
 Metaspace       used 103820K, committed 104576K, reserved 1179648K
  class space    used 13859K, committed 14208K, reserved 1048576K
}
Event: 22.157 GC heap after
{Heap after GC invocations=61 (full 0):
 garbage-first heap   total 367616K, used 184133K [0x0000000080000000, 0x0000000100000000)
  region size 1024K, 6 young (6144K), 6 survivors (6144K)
 Metaspace       used 103820K, committed 104576K, reserved 1179648K
  class space    used 13859K, committed 14208K, reserved 1048576K
}
Event: 22.516 GC heap before
{Heap before GC invocations=61 (full 0):
 garbage-first heap   total 367616K, used 258885K [0x0000000080000000, 0x0000000100000000)
  region size 1024K, 79 young (80896K), 6 survivors (6144K)
 Metaspace       used 104389K, committed 105152K, reserved 1179648K
  class space    used 13899K, committed 14272K, reserved 1048576K
}
Event: 22.524 GC heap after
{Heap after GC invocations=62 (full 0):
 garbage-first heap   total 367616K, used 191722K [0x0000000080000000, 0x0000000100000000)
  region size 1024K, 9 young (9216K), 9 survivors (9216K)
 Metaspace       used 104389K, committed 105152K, reserved 1179648K
  class space    used 13899K, committed 14272K, reserved 1048576K
}
Event: 23.171 GC heap before
{Heap before GC invocations=62 (full 0):
 garbage-first heap   total 367616K, used 267498K [0x0000000080000000, 0x0000000100000000)
  region size 1024K, 84 young (86016K), 9 survivors (9216K)
 Metaspace       used 104975K, committed 105728K, reserved 1179648K
  class space    used 13944K, committed 14336K, reserved 1048576K
}
Event: 23.176 GC heap after
{Heap after GC invocations=63 (full 0):
 garbage-first heap   total 367616K, used 188450K [0x0000000080000000, 0x0000000100000000)
  region size 1024K, 3 young (3072K), 3 survivors (3072K)
 Metaspace       used 104975K, committed 105728K, reserved 1179648K
  class space    used 13944K, committed 14336K, reserved 1048576K
}
Event: 26.905 GC heap before
{Heap before GC invocations=63 (full 0):
 garbage-first heap   total 367616K, used 279586K [0x0000000080000000, 0x0000000100000000)
  region size 1024K, 87 young (89088K), 3 survivors (3072K)
 Metaspace       used 106288K, committed 107008K, reserved 1179648K
  class space    used 14116K, committed 14464K, reserved 1048576K
}
Event: 26.910 GC heap after
{Heap after GC invocations=64 (full 0):
 garbage-first heap   total 367616K, used 189074K [0x0000000080000000, 0x0000000100000000)
  region size 1024K, 4 young (4096K), 4 survivors (4096K)
 Metaspace       used 106288K, committed 107008K, reserved 1179648K
  class space    used 14116K, committed 14464K, reserved 1048576K
}
Event: 27.547 GC heap before
{Heap before GC invocations=64 (full 0):
 garbage-first heap   total 367616K, used 280210K [0x0000000080000000, 0x0000000100000000)
  region size 1024K, 94 young (96256K), 4 survivors (4096K)
 Metaspace       used 107514K, committed 108288K, reserved 1179648K
  class space    used 14235K, committed 14592K, reserved 1048576K
}
Event: 27.560 GC heap after
{Heap after GC invocations=65 (full 0):
 garbage-first heap   total 367616K, used 197599K [0x0000000080000000, 0x0000000100000000)
  region size 1024K, 12 young (12288K), 12 survivors (12288K)
 Metaspace       used 107514K, committed 108288K, reserved 1179648K
  class space    used 14235K, committed 14592K, reserved 1048576K
}

