# JRE version: OpenJDK Runtime Environment (17.0.7) (build 17.0.7+0-b2043.56-10550314)
# Java VM: OpenJDK 64-Bit Server VM (17.0.7+0-b2043.56-10550314, mixed mode, tiered, compressed oops, compressed class ptrs, g1 gc, windows-amd64)
GC Precious Log:
 CPUs: 8 total, 8 available
 Memory: 8025M
 Large Page Support: Disabled
 NUMA Support: Disabled
 Compressed Oops: Enabled (32-bit)
 Heap Region Size: 1M
 Heap Min Capacity: 8M
 Heap Initial Capacity: 126M
 Heap Max Capacity: 2G
 Pre-touch: Disabled
 Parallel Workers: 8
 Concurrent Workers: 2
 Concurrent Refinement Workers: 8
 Periodic GC: Disabled
Heap:
 garbage-first heap   total 364544K, used 176362K [0x0000000080000000, 0x0000000100000000)
  region size 1024K, 37 young (37888K), 24 survivors (24576K)
 Metaspace       used 112814K, committed 113536K, reserved 1179648K
  class space    used 14918K, committed 15232K, reserved 1048576K
GC Heap History (20 events):
Event: 14.624 GC heap before
{Heap before GC invocations=27 (full 0):
 garbage-first heap   total 141312K, used 115981K [0x0000000080000000, 0x0000000100000000)
  region size 1024K, 54 young (55296K), 6 survivors (6144K)
 Metaspace       used 90683K, committed 91264K, reserved 1179648K
  class space    used 12435K, committed 12736K, reserved 1048576K
}
Event: 14.633 GC heap after
{Heap after GC invocations=28 (full 0):
 garbage-first heap   total 141312K, used 69573K [0x0000000080000000, 0x0000000100000000)
  region size 1024K, 6 young (6144K), 6 survivors (6144K)
 Metaspace       used 90683K, committed 91264K, reserved 1179648K
  class space    used 12435K, committed 12736K, reserved 1048576K
}
Event: 15.243 GC heap before
{Heap before GC invocations=28 (full 0):
 garbage-first heap   total 141312K, used 116677K [0x0000000080000000, 0x0000000100000000)
  region size 1024K, 52 young (53248K), 6 survivors (6144K)
 Metaspace       used 92074K, committed 92736K, reserved 1179648K
  class space    used 12622K, committed 12928K, reserved 1048576K
}
Event: 15.254 GC heap after
{Heap after GC invocations=29 (full 0):
 garbage-first heap   total 169984K, used 75374K [0x0000000080000000, 0x0000000100000000)
  region size 1024K, 7 young (7168K), 7 survivors (7168K)
 Metaspace       used 92074K, committed 92736K, reserved 1179648K
  class space    used 12622K, committed 12928K, reserved 1048576K
}
Event: 15.671 GC heap before
{Heap before GC invocations=30 (full 0):
 garbage-first heap   total 169984K, used 105070K [0x0000000080000000, 0x0000000100000000)
  region size 1024K, 36 young (36864K), 7 survivors (7168K)
 Metaspace       used 93089K, committed 93696K, reserved 1179648K
  class space    used 12708K, committed 12992K, reserved 1048576K
}
Event: 15.683 GC heap after
{Heap after GC invocations=31 (full 0):
 garbage-first heap   total 169984K, used 83758K [0x0000000080000000, 0x0000000100000000)
  region size 1024K, 6 young (6144K), 6 survivors (6144K)
 Metaspace       used 93089K, committed 93696K, reserved 1179648K
  class space    used 12708K, committed 12992K, reserved 1048576K
}
Event: 16.468 GC heap before
{Heap before GC invocations=32 (full 0):
 garbage-first heap   total 169984K, used 138030K [0x0000000080000000, 0x0000000100000000)
  region size 1024K, 57 young (58368K), 6 survivors (6144K)
 Metaspace       used 95789K, committed 96384K, reserved 1179648K
  class space    used 13088K, committed 13376K, reserved 1048576K
}
Event: 16.478 GC heap after
{Heap after GC invocations=33 (full 0):
 garbage-first heap   total 169984K, used 87589K [0x0000000080000000, 0x0000000100000000)
  region size 1024K, 6 young (6144K), 6 survivors (6144K)
 Metaspace       used 95789K, committed 96384K, reserved 1179648K
  class space    used 13088K, committed 13376K, reserved 1048576K
}
Event: 17.003 GC heap before
{Heap before GC invocations=33 (full 0):
 garbage-first heap   total 169984K, used 136741K [0x0000000080000000, 0x0000000100000000)
  region size 1024K, 54 young (55296K), 6 survivors (6144K)
 Metaspace       used 96300K, committed 96960K, reserved 1179648K
  class space    used 13125K, committed 13440K, reserved 1048576K
}
Event: 17.010 GC heap after
{Heap after GC invocations=34 (full 0):
 garbage-first heap   total 169984K, used 91542K [0x0000000080000000, 0x0000000100000000)
  region size 1024K, 6 young (6144K), 6 survivors (6144K)
 Metaspace       used 96300K, committed 96960K, reserved 1179648K
  class space    used 13125K, committed 13440K, reserved 1048576K
}
Event: 17.330 GC heap before
{Heap before GC invocations=35 (full 0):
 garbage-first heap   total 178176K, used 135574K [0x0000000080000000, 0x0000000100000000)
  region size 1024K, 50 young (51200K), 6 survivors (6144K)
 Metaspace       used 96591K, committed 97280K, reserved 1179648K
  class space    used 13138K, committed 13504K, reserved 1048576K
}
Event: 17.336 GC heap after
{Heap after GC invocations=36 (full 0):
 garbage-first heap   total 178176K, used 95069K [0x0000000080000000, 0x0000000100000000)
  region size 1024K, 5 young (5120K), 5 survivors (5120K)
 Metaspace       used 96591K, committed 97280K, reserved 1179648K
  class space    used 13138K, committed 13504K, reserved 1048576K
}
Event: 17.365 GC heap before
{Heap before GC invocations=36 (full 0):
 garbage-first heap   total 178176K, used 97117K [0x0000000080000000, 0x0000000100000000)
  region size 1024K, 8 young (8192K), 5 survivors (5120K)
 Metaspace       used 96613K, committed 97280K, reserved 1179648K
  class space    used 13140K, committed 13504K, reserved 1048576K
}
Event: 17.369 GC heap after
{Heap after GC invocations=37 (full 0):
 garbage-first heap   total 178176K, used 95049K [0x0000000080000000, 0x0000000100000000)
  region size 1024K, 1 young (1024K), 1 survivors (1024K)
 Metaspace       used 96613K, committed 97280K, reserved 1179648K
  class space    used 13140K, committed 13504K, reserved 1048576K
}
Event: 17.749 GC heap before
{Heap before GC invocations=37 (full 0):
 garbage-first heap   total 178176K, used 144201K [0x0000000080000000, 0x0000000100000000)
  region size 1024K, 50 young (51200K), 1 survivors (1024K)
 Metaspace       used 97085K, committed 97856K, reserved 1179648K
  class space    used 13182K, committed 13568K, reserved 1048576K
}
Event: 17.756 GC heap after
{Heap after GC invocations=38 (full 0):
 garbage-first heap   total 356352K, used 98718K [0x0000000080000000, 0x0000000100000000)
  region size 1024K, 5 young (5120K), 5 survivors (5120K)
 Metaspace       used 97085K, committed 97856K, reserved 1179648K
  class space    used 13182K, committed 13568K, reserved 1048576K
}
Event: 3286.900 GC heap before
{Heap before GC invocations=38 (full 0):
 garbage-first heap   total 356352K, used 282014K [0x0000000080000000, 0x0000000100000000)
  region size 1024K, 185 young (189440K), 5 survivors (5120K)
 Metaspace       used 102469K, committed 103168K, reserved 1179648K
  class space    used 13642K, committed 14016K, reserved 1048576K
}
Event: 3286.980 GC heap after
{Heap after GC invocations=39 (full 0):
 garbage-first heap   total 356352K, used 103574K [0x0000000080000000, 0x0000000100000000)
  region size 1024K, 10 young (10240K), 10 survivors (10240K)
 Metaspace       used 102469K, committed 103168K, reserved 1179648K
  class space    used 13642K, committed 14016K, reserved 1048576K
}
Event: 3293.324 GC heap before
{Heap before GC invocations=39 (full 0):
 garbage-first heap   total 356352K, used 302230K [0x0000000080000000, 0x0000000100000000)
  region size 1024K, 179 young (183296K), 10 survivors (10240K)
 Metaspace       used 111570K, committed 112320K, reserved 1179648K
  class space    used 14778K, committed 15104K, reserved 1048576K
}
Event: 3293.504 GC heap after
{Heap after GC invocations=40 (full 0):
 garbage-first heap   total 364544K, used 158954K [0x0000000080000000, 0x0000000100000000)
  region size 1024K, 24 young (24576K), 24 survivors (24576K)
 Metaspace       used 111570K, committed 112320K, reserved 1179648K
  class space    used 14778K, committed 15104K, reserved 1048576K
}

